Terminals unused in grammar

   STRING


Grammar

    0 $accept: exp $end

    1 exp: ID
    2    | INT
    3    | exp PLUS exp
    4    | exp MINUS exp
    5    | exp MUL exp
    6    | exp DIV exp
    7    | LPARAM exp RPARAM


Terminals, with rules where they appear

$end (0) 0
error (256)
ID (258) 1
STRING (259)
INT (260) 2
PLUS (261) 3
MINUS (262) 4
MUL (263) 5
DIV (264) 6
LPARAM (265) 7
RPARAM (266) 7


Nonterminals, with rules where they appear

$accept (12)
    on left: 0
exp (13)
    on left: 1 2 3 4 5 6 7, on right: 0 3 4 5 6 7


State 0

    0 $accept: . exp $end

    ID      shift, and go to state 1
    INT     shift, and go to state 2
    LPARAM  shift, and go to state 3

    exp  go to state 4


State 1

    1 exp: ID .

    $default  reduce using rule 1 (exp)


State 2

    2 exp: INT .

    $default  reduce using rule 2 (exp)


State 3

    7 exp: LPARAM . exp RPARAM

    ID      shift, and go to state 1
    INT     shift, and go to state 2
    LPARAM  shift, and go to state 3

    exp  go to state 5


State 4

    0 $accept: exp . $end
    3 exp: exp . PLUS exp
    4    | exp . MINUS exp
    5    | exp . MUL exp
    6    | exp . DIV exp

    $end   shift, and go to state 6
    PLUS   shift, and go to state 7
    MINUS  shift, and go to state 8
    MUL    shift, and go to state 9
    DIV    shift, and go to state 10


State 5

    3 exp: exp . PLUS exp
    4    | exp . MINUS exp
    5    | exp . MUL exp
    6    | exp . DIV exp
    7    | LPARAM exp . RPARAM

    PLUS    shift, and go to state 7
    MINUS   shift, and go to state 8
    MUL     shift, and go to state 9
    DIV     shift, and go to state 10
    RPARAM  shift, and go to state 11


State 6

    0 $accept: exp $end .

    $default  accept


State 7

    3 exp: exp PLUS . exp

    ID      shift, and go to state 1
    INT     shift, and go to state 2
    LPARAM  shift, and go to state 3

    exp  go to state 12


State 8

    4 exp: exp MINUS . exp

    ID      shift, and go to state 1
    INT     shift, and go to state 2
    LPARAM  shift, and go to state 3

    exp  go to state 13


State 9

    5 exp: exp MUL . exp

    ID      shift, and go to state 1
    INT     shift, and go to state 2
    LPARAM  shift, and go to state 3

    exp  go to state 14


State 10

    6 exp: exp DIV . exp

    ID      shift, and go to state 1
    INT     shift, and go to state 2
    LPARAM  shift, and go to state 3

    exp  go to state 15


State 11

    7 exp: LPARAM exp RPARAM .

    $default  reduce using rule 7 (exp)


State 12

    3 exp: exp . PLUS exp
    3    | exp PLUS exp .
    4    | exp . MINUS exp
    5    | exp . MUL exp
    6    | exp . DIV exp

    MUL  shift, and go to state 9
    DIV  shift, and go to state 10

    $default  reduce using rule 3 (exp)


State 13

    3 exp: exp . PLUS exp
    4    | exp . MINUS exp
    4    | exp MINUS exp .
    5    | exp . MUL exp
    6    | exp . DIV exp

    MUL  shift, and go to state 9
    DIV  shift, and go to state 10

    $default  reduce using rule 4 (exp)


State 14

    3 exp: exp . PLUS exp
    4    | exp . MINUS exp
    5    | exp . MUL exp
    5    | exp MUL exp .
    6    | exp . DIV exp

    $default  reduce using rule 5 (exp)


State 15

    3 exp: exp . PLUS exp
    4    | exp . MINUS exp
    5    | exp . MUL exp
    6    | exp . DIV exp
    6    | exp DIV exp .

    $default  reduce using rule 6 (exp)
